0 info it worked if it ends with ok
1 verbose cli [ '/usr/bin/node', '/usr/bin/npm', 'install', 'yargs' ]
2 info using npm@1.4.28
3 info using node@v0.10.36
4 verbose node symlink /usr/bin/node
5 warn package.json SampleApp@1.0.0 No repository field.
6 warn package.json SampleApp@1.0.0 No README data
7 verbose readDependencies using package.json deps
8 verbose cache add [ 'yargs', null ]
9 verbose cache add name=undefined spec="yargs" args=["yargs",null]
10 verbose parsed url { protocol: null,
10 verbose parsed url   slashes: null,
10 verbose parsed url   auth: null,
10 verbose parsed url   host: null,
10 verbose parsed url   port: null,
10 verbose parsed url   hostname: null,
10 verbose parsed url   hash: null,
10 verbose parsed url   search: null,
10 verbose parsed url   query: null,
10 verbose parsed url   pathname: 'yargs',
10 verbose parsed url   path: 'yargs',
10 verbose parsed url   href: 'yargs' }
11 silly lockFile 988f2857-yargs yargs
12 verbose lock yargs /home/administrator/.npm/988f2857-yargs.lock
13 silly lockFile 988f2857-yargs yargs
14 silly lockFile 988f2857-yargs yargs
15 verbose addNamed [ 'yargs', '' ]
16 verbose addNamed [ null, '*' ]
17 silly lockFile d4524018-yargs yargs@
18 verbose lock yargs@ /home/administrator/.npm/d4524018-yargs.lock
19 silly addNameRange { name: 'yargs', range: '*', hasData: false }
20 verbose request where is /yargs
21 verbose request registry https://registry.npmjs.org/
22 verbose request id 2264bdddbf1f554f
23 verbose url raw /yargs
24 verbose url resolving [ 'https://registry.npmjs.org/', './yargs' ]
25 verbose url resolved https://registry.npmjs.org/yargs
26 verbose request where is https://registry.npmjs.org/yargs
27 info trying registry request attempt 1 at 14:28:20
28 verbose etag "20MIQBVIS45CJZ1VTDPOITW00"
29 http GET https://registry.npmjs.org/yargs
30 http 200 https://registry.npmjs.org/yargs
31 silly registry.get cb [ 200,
31 silly registry.get   { date: 'Fri, 20 Feb 2015 19:28:24 GMT',
31 silly registry.get     server: 'CouchDB/1.5.0 (Erlang OTP/R16B03)',
31 silly registry.get     etag: '"4ZOLFIMCCQQLT54KC1W5Z9XE1"',
31 silly registry.get     'content-type': 'application/json',
31 silly registry.get     'cache-control': 'max-age=60',
31 silly registry.get     'content-length': '69108',
31 silly registry.get     'accept-ranges': 'bytes',
31 silly registry.get     via: '1.1 varnish',
31 silly registry.get     age: '33',
31 silly registry.get     'x-served-by': 'cache-atl6225-ATL',
31 silly registry.get     'x-cache': 'HIT',
31 silly registry.get     'x-cache-hits': '1',
31 silly registry.get     'x-timer': 'S1424460504.427476,VS0,VE1',
31 silly registry.get     vary: 'Accept',
31 silly registry.get     'keep-alive': 'timeout=10, max=50',
31 silly registry.get     connection: 'Keep-Alive' } ]
32 silly addNameRange number 2 { name: 'yargs', range: '*', hasData: true }
33 silly addNameRange versions [ 'yargs',
33 silly addNameRange   [ '1.0.0',
33 silly addNameRange     '1.0.1',
33 silly addNameRange     '1.0.3',
33 silly addNameRange     '1.0.4',
33 silly addNameRange     '1.0.5',
33 silly addNameRange     '1.0.6',
33 silly addNameRange     '1.0.7',
33 silly addNameRange     '1.0.8',
33 silly addNameRange     '1.0.9',
33 silly addNameRange     '1.0.10',
33 silly addNameRange     '1.0.11',
33 silly addNameRange     '1.0.12',
33 silly addNameRange     '1.0.13',
33 silly addNameRange     '1.0.15',
33 silly addNameRange     '1.1.0',
33 silly addNameRange     '1.1.1',
33 silly addNameRange     '1.1.2',
33 silly addNameRange     '1.1.3',
33 silly addNameRange     '1.2.0',
33 silly addNameRange     '1.2.1',
33 silly addNameRange     '1.2.2',
33 silly addNameRange     '1.2.3',
33 silly addNameRange     '1.2.4',
33 silly addNameRange     '1.2.5',
33 silly addNameRange     '1.2.6',
33 silly addNameRange     '1.3.0',
33 silly addNameRange     '1.3.1',
33 silly addNameRange     '1.3.2',
33 silly addNameRange     '1.3.3',
33 silly addNameRange     '2.1.1',
33 silly addNameRange     '2.3.0',
33 silly addNameRange     '3.0.0',
33 silly addNameRange     '3.0.1',
33 silly addNameRange     '3.0.2',
33 silly addNameRange     '3.0.3',
33 silly addNameRange     '3.0.4',
33 silly addNameRange     '3.1.0' ] ]
34 verbose addNamed [ 'yargs', '3.1.0' ]
35 verbose addNamed [ '3.1.0', '3.1.0' ]
36 silly lockFile aa3ba857-yargs-3-1-0 yargs@3.1.0
37 verbose lock yargs@3.1.0 /home/administrator/.npm/aa3ba857-yargs-3-1-0.lock
38 silly lockFile a2504987--npmjs-org-yargs-yargs-3-1-0-tgz https://registry.npmjs.org/yargs/-/yargs-3.1.0.tgz
39 verbose lock https://registry.npmjs.org/yargs/-/yargs-3.1.0.tgz /home/administrator/.npm/a2504987--npmjs-org-yargs-yargs-3-1-0-tgz.lock
40 verbose addRemoteTarball [ 'https://registry.npmjs.org/yargs/-/yargs-3.1.0.tgz',
40 verbose addRemoteTarball   'e114a1b19cf4529c36d889eb89162fdc37bb4f6d' ]
41 info retry fetch attempt 1 at 14:28:21
42 verbose fetch to= /tmp/npm-25443-8A_wPkOu/registry.npmjs.org/yargs/-/yargs-3.1.0.tgz
43 http GET https://registry.npmjs.org/yargs/-/yargs-3.1.0.tgz
44 http 200 https://registry.npmjs.org/yargs/-/yargs-3.1.0.tgz
45 silly lockFile a2504987--npmjs-org-yargs-yargs-3-1-0-tgz https://registry.npmjs.org/yargs/-/yargs-3.1.0.tgz
46 silly lockFile a2504987--npmjs-org-yargs-yargs-3-1-0-tgz https://registry.npmjs.org/yargs/-/yargs-3.1.0.tgz
47 silly lockFile aa3ba857-yargs-3-1-0 yargs@3.1.0
48 silly lockFile aa3ba857-yargs-3-1-0 yargs@3.1.0
49 silly lockFile d4524018-yargs yargs@
50 silly lockFile d4524018-yargs yargs@
51 error Error: EACCES, mkdir '/home/administrator/.npm/yargs/3.1.0'
51 error  { [Error: EACCES, mkdir '/home/administrator/.npm/yargs/3.1.0']
51 error   errno: 3,
51 error   code: 'EACCES',
51 error   path: '/home/administrator/.npm/yargs/3.1.0',
51 error   parent: 'SampleApp' }
52 error Please try running this command again as root/Administrator.
53 error System Linux 3.13.0-37-generic
54 error command "/usr/bin/node" "/usr/bin/npm" "install" "yargs"
55 error cwd /data/lee/dev/node/autotwit
56 error node -v v0.10.36
57 error npm -v 1.4.28
58 error path /home/administrator/.npm/yargs/3.1.0
59 error code EACCES
60 error errno 3
61 error stack Error: EACCES, mkdir '/home/administrator/.npm/yargs/3.1.0'
62 verbose exit [ 3, true ]
